<?xml version="1.0" encoding="UTF-8" ?>
<testsuite tests="1" failures="0" name="StorageServiceTest" time="0" errors="0" skipped="0">
  <properties>
    <property name="java.runtime.name" value="Java(TM) SE Runtime Environment"/>
    <property name="sun.boot.library.path" value="C:\Program Files\Java\jdk1.8.0_11\jre\bin"/>
    <property name="java.vm.version" value="25.11-b03"/>
    <property name="java.vm.vendor" value="Oracle Corporation"/>
    <property name="java.vendor.url" value="http://java.oracle.com/"/>
    <property name="path.separator" value=";"/>
    <property name="java.vm.name" value="Java HotSpot(TM) 64-Bit Server VM"/>
    <property name="file.encoding.pkg" value="sun.io"/>
    <property name="user.script" value=""/>
    <property name="user.country" value="US"/>
    <property name="sun.java.launcher" value="SUN_STANDARD"/>
    <property name="sun.os.patch.level" value=""/>
    <property name="java.vm.specification.name" value="Java Virtual Machine Specification"/>
    <property name="user.dir" value="D:\Maven projects\CodeshipCoverage\MockitoPOC"/>
    <property name="java.runtime.version" value="1.8.0_11-b12"/>
    <property name="java.awt.graphicsenv" value="sun.awt.Win32GraphicsEnvironment"/>
    <property name="basedir" value="D:\Maven projects\CodeshipCoverage\MockitoPOC"/>
    <property name="java.endorsed.dirs" value="C:\Program Files\Java\jdk1.8.0_11\jre\lib\endorsed"/>
    <property name="os.arch" value="amd64"/>
    <property name="surefire.real.class.path" value="D:\Maven projects\CodeshipCoverage\MockitoPOC\target\surefire\surefirebooter4001121070699341193.jar"/>
    <property name="java.io.tmpdir" value="C:\Users\GAURAN~1\AppData\Local\Temp\"/>
    <property name="line.separator" value="
"/>
    <property name="java.vm.specification.vendor" value="Oracle Corporation"/>
    <property name="user.variant" value=""/>
    <property name="os.name" value="Windows 8.1"/>
    <property name="sun.jnu.encoding" value="Cp1252"/>
    <property name="java.library.path" value="C:\Program Files\Java\jdk1.8.0_11\jre\bin;C:\Windows\Sun\Java\bin;C:\Windows\system32;C:\Windows;C:\Program Files (x86)\Intel\iCLS Client\;C:\Program Files\Intel\iCLS Client\;C:\Windows\system32;C:\Windows;C:\Windows\System32\Wbem;C:\Windows\System32\WindowsPowerShell\v1.0\;C:\Program Files\Intel\Intel(R) Management Engine Components\DAL;C:\Program Files\Intel\Intel(R) Management Engine Components\IPT;C:\Program Files (x86)\Intel\Intel(R) Management Engine Components\DAL;C:\Program Files (x86)\Intel\Intel(R) Management Engine Components\IPT;C:\apache-maven-3.0.3\bin;D:\sonar-runner-2.4\bin;C:\Program Files\Perforce;C:\Program Files (x86)\MySQL\MySQL Utilities 1.4.3\;C:\Program Files (x86)\MySQL\MySQL Utilities 1.4.3\Doctrine extensions for PHP\;C:\Program Files (x86)\Heroku\bin;C:\Program Files (x86)\git\cmd;C:\Program Files\Java\jdk1.8.0_11\bin;C:\apache-maven-3.0.3;C:\JUnit\junit-4.12-beta-3.jar;.C:\Program Files\Java\jre8\bin;C:\Program Files (x86)\Intel\iCLS Client\;C:\Program Files\Intel\iCLS Client\;C:\Windows\system32;C:\Windows;C:\Windows\System32\Wbem;C:\Windows\System32\WindowsPowerShell\v1.0\;C:\Program Files\Intel\Intel(R) Management Engine Components\DAL;C:\Program Files\Intel\Intel(R) Management Engine Components\IPT;C:\Program Files (x86)\Intel\Intel(R) Management Engine Components\DAL;C:\Program Files (x86)\Intel\Intel(R) Management Engine Components\IPT;C:\apache-maven-3.0.3\bin;D:\sonar-runner-2.4\bin;C:\Program Files\Perforce;C:\Program Files (x86)\MySQL\MySQL Utilities 1.4.3\;C:\Program Files (x86)\MySQL\MySQL Utilities 1.4.3\Doctrine extensions for PHP\;C:\Program Files (x86)\Heroku\bin;C:\Program Files (x86)\git\cmd;C:\wamp\bin\php\php5.4.12;C:\bin;D:\sonar-runner-2.4\bin;;."/>
    <property name="surefire.test.class.path" value="D:\Maven projects\CodeshipCoverage\MockitoPOC\target\test-classes;D:\Maven projects\CodeshipCoverage\MockitoPOC\target\generated-classes\cobertura;C:\Users\gaurangar\.m2\repository\junit\junit\4.11\junit-4.11.jar;C:\Users\gaurangar\.m2\repository\org\hamcrest\hamcrest-core\1.3\hamcrest-core-1.3.jar;C:\Users\gaurangar\.m2\repository\javax\servlet\javax.servlet-api\3.1.0\javax.servlet-api-3.1.0.jar;C:\Users\gaurangar\.m2\repository\javax\servlet\jsp\jsp-api\2.2\jsp-api-2.2.jar;C:\Users\gaurangar\.m2\repository\org\mockito\mockito-all\1.9.5\mockito-all-1.9.5.jar;C:\Users\gaurangar\.m2\repository\org\mockito\mockito-core\1.10.19\mockito-core-1.10.19.jar;C:\Users\gaurangar\.m2\repository\org\objenesis\objenesis\2.1\objenesis-2.1.jar;C:\Users\gaurangar\.m2\repository\net\sourceforge\cobertura\cobertura\2.0.3\cobertura-2.0.3.jar;C:\Users\gaurangar\.m2\repository\org\ow2\asm\asm\4.1\asm-4.1.jar;C:\Users\gaurangar\.m2\repository\org\ow2\asm\asm-tree\4.1\asm-tree-4.1.jar;C:\Users\gaurangar\.m2\repository\org\ow2\asm\asm-commons\4.1\asm-commons-4.1.jar;C:\Users\gaurangar\.m2\repository\org\ow2\asm\asm-util\4.1\asm-util-4.1.jar;C:\Users\gaurangar\.m2\repository\org\ow2\asm\asm-analysis\4.1\asm-analysis-4.1.jar;C:\Users\gaurangar\.m2\repository\jaxen\jaxen\1.1-beta-8\jaxen-1.1-beta-8.jar;C:\Users\gaurangar\.m2\repository\dom4j\dom4j\1.6.1\dom4j-1.6.1.jar;C:\Users\gaurangar\.m2\repository\xml-apis\xml-apis\1.0.b2\xml-apis-1.0.b2.jar;C:\Users\gaurangar\.m2\repository\jdom\jdom\1.0\jdom-1.0.jar;C:\Users\gaurangar\.m2\repository\xerces\xmlParserAPIs\2.6.2\xmlParserAPIs-2.6.2.jar;C:\Users\gaurangar\.m2\repository\xerces\xercesImpl\2.6.2\xercesImpl-2.6.2.jar;C:\Users\gaurangar\.m2\repository\xom\xom\1.0b3\xom-1.0b3.jar;C:\Users\gaurangar\.m2\repository\com\ibm\icu\icu4j\2.6.1\icu4j-2.6.1.jar;C:\Users\gaurangar\.m2\repository\xalan\xalan\2.6.0\xalan-2.6.0.jar;C:\Users\gaurangar\.m2\repository\org\ccil\cowan\tagsoup\tagsoup\0.9.7\tagsoup-0.9.7.jar;C:\Users\gaurangar\.m2\repository\org\apache\ant\ant\1.8.3\ant-1.8.3.jar;C:\Users\gaurangar\.m2\repository\org\apache\ant\ant-launcher\1.8.3\ant-launcher-1.8.3.jar;C:\Users\gaurangar\.m2\repository\org\mortbay\jetty\servlet-api-2.5\6.1.14\servlet-api-2.5-6.1.14.jar;C:\Users\gaurangar\.m2\repository\org\mortbay\jetty\jetty\6.1.14\jetty-6.1.14.jar;C:\Users\gaurangar\.m2\repository\org\mortbay\jetty\jetty-util\6.1.14\jetty-util-6.1.14.jar;C:\Program Files\Java\jdk1.8.0_11\jre\..\lib\tools.jar;"/>
    <property name="java.specification.name" value="Java Platform API Specification"/>
    <property name="java.class.version" value="52.0"/>
    <property name="sun.management.compiler" value="HotSpot 64-Bit Tiered Compilers"/>
    <property name="os.version" value="6.3"/>
    <property name="user.home" value="C:\Users\gaurangar"/>
    <property name="user.timezone" value="Asia/Calcutta"/>
    <property name="java.awt.printerjob" value="sun.awt.windows.WPrinterJob"/>
    <property name="java.specification.version" value="1.8"/>
    <property name="file.encoding" value="Cp1252"/>
    <property name="user.name" value="gaurangar"/>
    <property name="java.class.path" value="D:\Maven projects\CodeshipCoverage\MockitoPOC\target\test-classes;D:\Maven projects\CodeshipCoverage\MockitoPOC\target\generated-classes\cobertura;C:\Users\gaurangar\.m2\repository\junit\junit\4.11\junit-4.11.jar;C:\Users\gaurangar\.m2\repository\org\hamcrest\hamcrest-core\1.3\hamcrest-core-1.3.jar;C:\Users\gaurangar\.m2\repository\javax\servlet\javax.servlet-api\3.1.0\javax.servlet-api-3.1.0.jar;C:\Users\gaurangar\.m2\repository\javax\servlet\jsp\jsp-api\2.2\jsp-api-2.2.jar;C:\Users\gaurangar\.m2\repository\org\mockito\mockito-all\1.9.5\mockito-all-1.9.5.jar;C:\Users\gaurangar\.m2\repository\org\mockito\mockito-core\1.10.19\mockito-core-1.10.19.jar;C:\Users\gaurangar\.m2\repository\org\objenesis\objenesis\2.1\objenesis-2.1.jar;C:\Users\gaurangar\.m2\repository\net\sourceforge\cobertura\cobertura\2.0.3\cobertura-2.0.3.jar;C:\Users\gaurangar\.m2\repository\org\ow2\asm\asm\4.1\asm-4.1.jar;C:\Users\gaurangar\.m2\repository\org\ow2\asm\asm-tree\4.1\asm-tree-4.1.jar;C:\Users\gaurangar\.m2\repository\org\ow2\asm\asm-commons\4.1\asm-commons-4.1.jar;C:\Users\gaurangar\.m2\repository\org\ow2\asm\asm-util\4.1\asm-util-4.1.jar;C:\Users\gaurangar\.m2\repository\org\ow2\asm\asm-analysis\4.1\asm-analysis-4.1.jar;C:\Users\gaurangar\.m2\repository\jaxen\jaxen\1.1-beta-8\jaxen-1.1-beta-8.jar;C:\Users\gaurangar\.m2\repository\dom4j\dom4j\1.6.1\dom4j-1.6.1.jar;C:\Users\gaurangar\.m2\repository\xml-apis\xml-apis\1.0.b2\xml-apis-1.0.b2.jar;C:\Users\gaurangar\.m2\repository\jdom\jdom\1.0\jdom-1.0.jar;C:\Users\gaurangar\.m2\repository\xerces\xmlParserAPIs\2.6.2\xmlParserAPIs-2.6.2.jar;C:\Users\gaurangar\.m2\repository\xerces\xercesImpl\2.6.2\xercesImpl-2.6.2.jar;C:\Users\gaurangar\.m2\repository\xom\xom\1.0b3\xom-1.0b3.jar;C:\Users\gaurangar\.m2\repository\com\ibm\icu\icu4j\2.6.1\icu4j-2.6.1.jar;C:\Users\gaurangar\.m2\repository\xalan\xalan\2.6.0\xalan-2.6.0.jar;C:\Users\gaurangar\.m2\repository\org\ccil\cowan\tagsoup\tagsoup\0.9.7\tagsoup-0.9.7.jar;C:\Users\gaurangar\.m2\repository\org\apache\ant\ant\1.8.3\ant-1.8.3.jar;C:\Users\gaurangar\.m2\repository\org\apache\ant\ant-launcher\1.8.3\ant-launcher-1.8.3.jar;C:\Users\gaurangar\.m2\repository\org\mortbay\jetty\servlet-api-2.5\6.1.14\servlet-api-2.5-6.1.14.jar;C:\Users\gaurangar\.m2\repository\org\mortbay\jetty\jetty\6.1.14\jetty-6.1.14.jar;C:\Users\gaurangar\.m2\repository\org\mortbay\jetty\jetty-util\6.1.14\jetty-util-6.1.14.jar;C:\Program Files\Java\jdk1.8.0_11\jre\..\lib\tools.jar;"/>
    <property name="java.vm.specification.version" value="1.8"/>
    <property name="sun.arch.data.model" value="64"/>
    <property name="java.home" value="C:\Program Files\Java\jdk1.8.0_11\jre"/>
    <property name="sun.java.command" value="D:\Maven projects\CodeshipCoverage\MockitoPOC\target\surefire\surefirebooter4001121070699341193.jar D:\Maven projects\CodeshipCoverage\MockitoPOC\target\surefire\surefire8990760443110912209tmp D:\Maven projects\CodeshipCoverage\MockitoPOC\target\surefire\surefire1463558336105614207tmp"/>
    <property name="java.specification.vendor" value="Oracle Corporation"/>
    <property name="user.language" value="en"/>
    <property name="awt.toolkit" value="sun.awt.windows.WToolkit"/>
    <property name="java.vm.info" value="mixed mode"/>
    <property name="java.version" value="1.8.0_11"/>
    <property name="java.ext.dirs" value="C:\Program Files\Java\jdk1.8.0_11\jre\lib\ext;C:\Windows\Sun\Java\lib\ext"/>
    <property name="sun.boot.class.path" value="C:\Program Files\Java\jdk1.8.0_11\jre\lib\resources.jar;C:\Program Files\Java\jdk1.8.0_11\jre\lib\rt.jar;C:\Program Files\Java\jdk1.8.0_11\jre\lib\sunrsasign.jar;C:\Program Files\Java\jdk1.8.0_11\jre\lib\jsse.jar;C:\Program Files\Java\jdk1.8.0_11\jre\lib\jce.jar;C:\Program Files\Java\jdk1.8.0_11\jre\lib\charsets.jar;C:\Program Files\Java\jdk1.8.0_11\jre\lib\jfr.jar;C:\Program Files\Java\jdk1.8.0_11\jre\classes"/>
    <property name="java.vendor" value="Oracle Corporation"/>
    <property name="localRepository" value="C:\Users\gaurangar\.m2\repository"/>
    <property name="file.separator" value="\"/>
    <property name="java.vendor.url.bug" value="http://bugreport.sun.com/bugreport/"/>
    <property name="sun.cpu.endian" value="little"/>
    <property name="sun.io.unicode.encoding" value="UnicodeLittle"/>
    <property name="sun.desktop" value="windows"/>
    <property name="sun.cpu.isalist" value="amd64"/>
  </properties>
  <testcase classname="StorageServiceTest" name="testGetAllPersons" time="0"/>
</testsuite>